C:\Program Files\Microsoft Visual Studio\2022\Community\MSBuild\Microsoft\VC\v170\Microsoft.CppBuild.targets(531,5): warning MSB8028: The intermediate directory (Debug\) contains files shared from another project (EmptyViewer.vcxproj).  This can lead to incorrect clean and rebuild behavior.
  Q1.cpp
  GLM: rotate function taking degrees as a parameter is deprecated. #define GLM_FORCE_RADIANS before including GLM headers to remove this message.
  GLM: rotate_slow function taking degrees as a parameter is deprecated. #define GLM_FORCE_RADIANS before including GLM headers to remove this message.
  GLM: perspective function taking degrees as a parameter is deprecated. #define GLM_FORCE_RADIANS before including GLM headers to remove this message.
  GLM: perspectiveFov function taking degrees as a parameter is deprecated. #define GLM_FORCE_RADIANS before including GLM headers to remove this message.
  GLM: infinitePerspective function taking degrees as a parameter is deprecated. #define GLM_FORCE_RADIANS before including GLM headers to remove this message.
  GLM: tweakedInfinitePerspective function taking degrees as a parameter is deprecated. #define GLM_FORCE_RADIANS before including GLM headers to remove this message.
  GLM: rotate function taking degrees as a parameter is deprecated. #define GLM_FORCE_RADIANS before including GLM headers to remove this message.
  GLM: roll function returning degrees is deprecated. #define GLM_FORCE_RADIANS before including GLM headers to remove this message.
  GLM: pitch function returning degrees is deprecated. #define GLM_FORCE_RADIANS before including GLM headers to remove this message.
  GLM: yaw function returning degrees is deprecated. #define GLM_FORCE_RADIANS before including GLM headers to remove this message.
  GLM: angle function returning degrees is deprecated. #define GLM_FORCE_RADIANS before including GLM headers to remove this message.
  GLM: angleAxis function taking degrees as a parameter is deprecated. #define GLM_FORCE_RADIANS before including GLM headers to remove this message.
  frame_timer.cpp
  load_mesh.cpp
C:\Users\den01\OneDrive\바탕 화면\cg_HW8\Q1_Immediate_Mode\load_mesh.cpp(109,12): warning C4244: 'initializing': conversion from 'double' to 'float', possible loss of data
C:\Users\den01\OneDrive\바탕 화면\cg_HW8\Q1_Immediate_Mode\load_mesh.cpp(110,12): warning C4244: 'initializing': conversion from 'double' to 'float', possible loss of data
C:\Users\den01\OneDrive\바탕 화면\cg_HW8\Q1_Immediate_Mode\load_mesh.cpp(111,12): warning C4244: 'initializing': conversion from 'double' to 'float', possible loss of data
C:\Users\den01\OneDrive\바탕 화면\cg_HW8\Q1_Immediate_Mode\load_mesh.cpp(125,12): warning C4244: 'initializing': conversion from 'double' to 'float', possible loss of data
C:\Users\den01\OneDrive\바탕 화면\cg_HW8\Q1_Immediate_Mode\load_mesh.cpp(126,12): warning C4244: 'initializing': conversion from 'double' to 'float', possible loss of data
C:\Users\den01\OneDrive\바탕 화면\cg_HW8\Q1_Immediate_Mode\load_mesh.cpp(127,12): warning C4244: 'initializing': conversion from 'double' to 'float', possible loss of data
  Generating Code...
  Q1_Immediate_Mode.vcxproj -> C:\Users\den01\OneDrive\바탕 화면\cg_HW8\bin\Q1_Immediate_Mode.exe
