C:\Program Files\Microsoft Visual Studio\2022\Community\MSBuild\Microsoft\VC\v170\Microsoft.CppBuild.targets(531,5): warning MSB8028: The intermediate directory (Debug\) contains files shared from another project (EmptyViewer.vcxproj).  This can lead to incorrect clean and rebuild behavior.
  Q2.cpp
  GLM: rotate function taking degrees as a parameter is deprecated. #define GLM_FORCE_RADIANS before including GLM headers to remove this message.
  GLM: rotate_slow function taking degrees as a parameter is deprecated. #define GLM_FORCE_RADIANS before including GLM headers to remove this message.
  GLM: perspective function taking degrees as a parameter is deprecated. #define GLM_FORCE_RADIANS before including GLM headers to remove this message.
  GLM: perspectiveFov function taking degrees as a parameter is deprecated. #define GLM_FORCE_RADIANS before including GLM headers to remove this message.
  GLM: infinitePerspective function taking degrees as a parameter is deprecated. #define GLM_FORCE_RADIANS before including GLM headers to remove this message.
  GLM: tweakedInfinitePerspective function taking degrees as a parameter is deprecated. #define GLM_FORCE_RADIANS before including GLM headers to remove this message.
  GLM: rotate function taking degrees as a parameter is deprecated. #define GLM_FORCE_RADIANS before including GLM headers to remove this message.
  GLM: roll function returning degrees is deprecated. #define GLM_FORCE_RADIANS before including GLM headers to remove this message.
  GLM: pitch function returning degrees is deprecated. #define GLM_FORCE_RADIANS before including GLM headers to remove this message.
  GLM: yaw function returning degrees is deprecated. #define GLM_FORCE_RADIANS before including GLM headers to remove this message.
  GLM: angle function returning degrees is deprecated. #define GLM_FORCE_RADIANS before including GLM headers to remove this message.
  GLM: angleAxis function taking degrees as a parameter is deprecated. #define GLM_FORCE_RADIANS before including GLM headers to remove this message.
  frame_timer.cpp
  load_mesh.cpp
C:\Users\den01\OneDrive\바탕 화면\cg_HW8\Q2_Vertex_Arrays\load_mesh.cpp(101,12): warning C4244: 'initializing': conversion from 'double' to 'float', possible loss of data
C:\Users\den01\OneDrive\바탕 화면\cg_HW8\Q2_Vertex_Arrays\load_mesh.cpp(102,12): warning C4244: 'initializing': conversion from 'double' to 'float', possible loss of data
C:\Users\den01\OneDrive\바탕 화면\cg_HW8\Q2_Vertex_Arrays\load_mesh.cpp(103,12): warning C4244: 'initializing': conversion from 'double' to 'float', possible loss of data
C:\Users\den01\OneDrive\바탕 화면\cg_HW8\Q2_Vertex_Arrays\load_mesh.cpp(117,12): warning C4244: 'initializing': conversion from 'double' to 'float', possible loss of data
C:\Users\den01\OneDrive\바탕 화면\cg_HW8\Q2_Vertex_Arrays\load_mesh.cpp(118,12): warning C4244: 'initializing': conversion from 'double' to 'float', possible loss of data
C:\Users\den01\OneDrive\바탕 화면\cg_HW8\Q2_Vertex_Arrays\load_mesh.cpp(119,12): warning C4244: 'initializing': conversion from 'double' to 'float', possible loss of data
  Generating Code...
  Q2_Vertex_Arrays.vcxproj -> C:\Users\den01\OneDrive\바탕 화면\cg_HW8\bin\Q2_Vertex_Arrays.exe
